[debug] [2025-09-16T06:27:56.057Z] ----------------------------------------------------------------------
[debug] [2025-09-16T06:27:56.059Z] Command:       C:\Program Files\nodejs\node.exe C:\Users\lurpd\AppData\Roaming\npm\node_modules\firebase-tools\lib\bin\firebase.js deploy --only functions
[debug] [2025-09-16T06:27:56.059Z] CLI Version:   14.16.0
[debug] [2025-09-16T06:27:56.059Z] Platform:      win32
[debug] [2025-09-16T06:27:56.059Z] Node Version:  v22.17.0
[debug] [2025-09-16T06:27:56.059Z] Time:          Mon Sep 15 2025 23:27:56 GMT-0700 (Pacific Daylight Time)
[debug] [2025-09-16T06:27:56.059Z] ----------------------------------------------------------------------
[debug] 
[debug] [2025-09-16T06:27:56.161Z] > command requires scopes: ["email","openid","https://www.googleapis.com/auth/cloudplatformprojects.readonly","https://www.googleapis.com/auth/firebase","https://www.googleapis.com/auth/cloud-platform"]
[debug] [2025-09-16T06:27:56.162Z] > authorizing via signed-in user (lurpdaderp@gmail.com)
[debug] [2025-09-16T06:27:56.162Z] [iam] checking project roadcash-e05e1 for permissions ["cloudfunctions.functions.create","cloudfunctions.functions.delete","cloudfunctions.functions.get","cloudfunctions.functions.list","cloudfunctions.functions.update","cloudfunctions.operations.get","firebase.projects.get"]
[debug] [2025-09-16T06:27:56.162Z] Checked if tokens are valid: true, expires at: 1758007521883
[debug] [2025-09-16T06:27:56.163Z] Checked if tokens are valid: true, expires at: 1758007521883
[debug] [2025-09-16T06:27:56.163Z] >>> [apiv2][query] POST https://cloudresourcemanager.googleapis.com/v1/projects/roadcash-e05e1:testIamPermissions [none]
[debug] [2025-09-16T06:27:56.163Z] >>> [apiv2][(partial)header] POST https://cloudresourcemanager.googleapis.com/v1/projects/roadcash-e05e1:testIamPermissions x-goog-quota-user=projects/roadcash-e05e1
[debug] [2025-09-16T06:27:56.163Z] >>> [apiv2][body] POST https://cloudresourcemanager.googleapis.com/v1/projects/roadcash-e05e1:testIamPermissions {"permissions":["cloudfunctions.functions.create","cloudfunctions.functions.delete","cloudfunctions.functions.get","cloudfunctions.functions.list","cloudfunctions.functions.update","cloudfunctions.operations.get","firebase.projects.get"]}
[debug] [2025-09-16T06:27:56.292Z] <<< [apiv2][status] POST https://cloudresourcemanager.googleapis.com/v1/projects/roadcash-e05e1:testIamPermissions 200
[debug] [2025-09-16T06:27:56.292Z] <<< [apiv2][body] POST https://cloudresourcemanager.googleapis.com/v1/projects/roadcash-e05e1:testIamPermissions {"permissions":["cloudfunctions.functions.create","cloudfunctions.functions.delete","cloudfunctions.functions.get","cloudfunctions.functions.list","cloudfunctions.functions.update","cloudfunctions.operations.get","firebase.projects.get"]}
[debug] [2025-09-16T06:27:56.293Z] Checked if tokens are valid: true, expires at: 1758007521883
[debug] [2025-09-16T06:27:56.293Z] Checked if tokens are valid: true, expires at: 1758007521883
[debug] [2025-09-16T06:27:56.293Z] >>> [apiv2][query] POST https://iam.googleapis.com/v1/projects/roadcash-e05e1/serviceAccounts/roadcash-e05e1@appspot.gserviceaccount.com:testIamPermissions [none]
[debug] [2025-09-16T06:27:56.293Z] >>> [apiv2][body] POST https://iam.googleapis.com/v1/projects/roadcash-e05e1/serviceAccounts/roadcash-e05e1@appspot.gserviceaccount.com:testIamPermissions {"permissions":["iam.serviceAccounts.actAs"]}
[debug] [2025-09-16T06:27:56.622Z] <<< [apiv2][status] POST https://iam.googleapis.com/v1/projects/roadcash-e05e1/serviceAccounts/roadcash-e05e1@appspot.gserviceaccount.com:testIamPermissions 200
[debug] [2025-09-16T06:27:56.622Z] <<< [apiv2][body] POST https://iam.googleapis.com/v1/projects/roadcash-e05e1/serviceAccounts/roadcash-e05e1@appspot.gserviceaccount.com:testIamPermissions {"permissions":["iam.serviceAccounts.actAs"]}
[info] 
[info] === Deploying to 'roadcash-e05e1'...
[info] 
[info] i  deploying functions 
[info] +  functions: Finished running predeploy script. 
[debug] [2025-09-16T06:27:56.626Z] Checked if tokens are valid: true, expires at: 1758007521883
[debug] [2025-09-16T06:27:56.626Z] Checked if tokens are valid: true, expires at: 1758007521883
[debug] [2025-09-16T06:27:56.626Z] >>> [apiv2][query] GET https://cloudresourcemanager.googleapis.com/v1/projects/roadcash-e05e1 [none]
[debug] [2025-09-16T06:27:56.727Z] <<< [apiv2][status] GET https://cloudresourcemanager.googleapis.com/v1/projects/roadcash-e05e1 200
[debug] [2025-09-16T06:27:56.727Z] <<< [apiv2][body] GET https://cloudresourcemanager.googleapis.com/v1/projects/roadcash-e05e1 {"projectNumber":"68093599355","projectId":"roadcash-e05e1","lifecycleState":"ACTIVE","name":"RoadCash","labels":{"firebase":"enabled","firebase-core":"disabled"},"createTime":"2025-06-13T18:07:28.057828Z"}
[info] i  functions: preparing codebase default for deployment 
[info] i  functions: ensuring required API cloudfunctions.googleapis.com is enabled... 
[info] i  functions: ensuring required API cloudbuild.googleapis.com is enabled... 
[info] i  artifactregistry: ensuring required API artifactregistry.googleapis.com is enabled... 
[debug] [2025-09-16T06:27:56.729Z] Checked if tokens are valid: true, expires at: 1758007521883
[debug] [2025-09-16T06:27:56.729Z] Checked if tokens are valid: true, expires at: 1758007521883
[debug] [2025-09-16T06:27:56.729Z] >>> [apiv2][query] GET https://firebase.googleapis.com/v1beta1/projects/roadcash-e05e1/adminSdkConfig [none]
[debug] [2025-09-16T06:27:57.171Z] <<< [apiv2][status] GET https://firebase.googleapis.com/v1beta1/projects/roadcash-e05e1/adminSdkConfig 200
[debug] [2025-09-16T06:27:57.171Z] <<< [apiv2][body] GET https://firebase.googleapis.com/v1beta1/projects/roadcash-e05e1/adminSdkConfig {"projectId":"roadcash-e05e1","storageBucket":"roadcash-e05e1.firebasestorage.app"}
[debug] [2025-09-16T06:27:57.171Z] Checked if tokens are valid: true, expires at: 1758007521883
[debug] [2025-09-16T06:27:57.171Z] Checked if tokens are valid: true, expires at: 1758007521883
[debug] [2025-09-16T06:27:57.171Z] >>> [apiv2][query] GET https://runtimeconfig.googleapis.com/v1beta1/projects/roadcash-e05e1/configs [none]
[debug] [2025-09-16T06:27:57.323Z] <<< [apiv2][status] GET https://runtimeconfig.googleapis.com/v1beta1/projects/roadcash-e05e1/configs 200
[debug] [2025-09-16T06:27:57.323Z] <<< [apiv2][body] GET https://runtimeconfig.googleapis.com/v1beta1/projects/roadcash-e05e1/configs {"configs":[{"name":"projects/roadcash-e05e1/configs/here"}]}
[debug] [2025-09-16T06:27:57.323Z] Checked if tokens are valid: true, expires at: 1758007521883
[debug] [2025-09-16T06:27:57.323Z] Checked if tokens are valid: true, expires at: 1758007521883
[debug] [2025-09-16T06:27:57.323Z] >>> [apiv2][query] GET https://runtimeconfig.googleapis.com/v1beta1/projects/roadcash-e05e1/configs/here/variables [none]
[debug] [2025-09-16T06:27:57.447Z] <<< [apiv2][status] GET https://runtimeconfig.googleapis.com/v1beta1/projects/roadcash-e05e1/configs/here/variables 200
[debug] [2025-09-16T06:27:57.447Z] <<< [apiv2][body] GET https://runtimeconfig.googleapis.com/v1beta1/projects/roadcash-e05e1/configs/here/variables {"variables":[{"name":"projects/roadcash-e05e1/configs/here/variables/key","updateTime":"2025-08-08T00:10:06.423351234Z"}]}
[debug] [2025-09-16T06:27:57.448Z] Checked if tokens are valid: true, expires at: 1758007521883
[debug] [2025-09-16T06:27:57.448Z] Checked if tokens are valid: true, expires at: 1758007521883
[debug] [2025-09-16T06:27:57.448Z] >>> [apiv2][query] GET https://runtimeconfig.googleapis.com/v1beta1/projects/roadcash-e05e1/configs/here/variables/key [none]
[debug] [2025-09-16T06:27:57.544Z] <<< [apiv2][status] GET https://runtimeconfig.googleapis.com/v1beta1/projects/roadcash-e05e1/configs/here/variables/key 200
[debug] [2025-09-16T06:27:57.544Z] <<< [apiv2][body] GET https://runtimeconfig.googleapis.com/v1beta1/projects/roadcash-e05e1/configs/here/variables/key {"name":"projects/roadcash-e05e1/configs/here/variables/key","updateTime":"2025-08-08T00:10:06.423351234Z","text":"G7cQbMXnjvzDsZwUEsc8yqVt001VXP3arshuxR4dHXQ"}
[debug] [2025-09-16T06:27:57.546Z] Validating nodejs source
[warn] !  functions: Runtime Node.js 18 was deprecated on 2025-04-30 and will be decommissioned on 2025-10-30, after which you will not be able to deploy without upgrading. Consider upgrading now to avoid disruption. See https://cloud.google.com/functions/docs/runtime-support for full details on the lifecycle policy 
[debug] [2025-09-16T06:27:58.064Z] > [functions] package.json contents: {
  "name": "functions",
  "description": "Cloud Functions for Firebase",
  "scripts": {
    "lint": "eslint .",
    "serve": "firebase emulators:start --only functions",
    "shell": "firebase functions:shell",
    "start": "npm run shell",
    "deploy": "firebase deploy --only functions",
    "logs": "firebase functions:log"
  },
  "engines": {
    "node": "18"
  },
  "main": "index.js",
  "dependencies": {
    "firebase-admin": "^12.7.0",
    "firebase-functions": "^6.4.0"
  },
  "devDependencies": {
    "eslint": "^8.15.0",
    "eslint-config-google": "^0.14.0",
    "firebase-functions-test": "^3.1.0"
  },
  "private": true
}
[debug] [2025-09-16T06:27:58.065Z] Building nodejs source
[info] i  functions: Loading and analyzing source code for codebase default to determine what to deploy 
[debug] [2025-09-16T06:27:58.065Z] Could not find functions.yaml. Must use http discovery
[debug] [2025-09-16T06:27:58.070Z] Found firebase-functions binary at 'C:\Users\lurpd\Documents\Development\RoadCash\functions\node_modules\.bin\firebase-functions'
[info] Serving at port 8898

[debug] [2025-09-16T06:27:58.304Z] Got response from /__/functions.yaml {"endpoints":{"notifyOnEmergency":{"availableMemoryMb":null,"timeoutSeconds":null,"minInstances":null,"maxInstances":10,"ingressSettings":null,"concurrency":null,"serviceAccountEmail":null,"vpc":null,"platform":"gcfv2","labels":{},"eventTrigger":{"eventType":"google.cloud.firestore.document.v1.updated","eventFilters":{"database":"(default)","namespace":"(default)"},"eventFilterPathPatterns":{"document":"groups/{groupId}"},"retry":false},"entryPoint":"notifyOnEmergency"}},"specVersion":"v1alpha1","requiredAPIs":[],"extensions":{}}
[info] i  extensions: ensuring required API firebaseextensions.googleapis.com is enabled... 
[debug] [2025-09-16T06:28:02.332Z] > command requires scopes: ["email","openid","https://www.googleapis.com/auth/cloudplatformprojects.readonly","https://www.googleapis.com/auth/firebase","https://www.googleapis.com/auth/cloud-platform"]
[debug] [2025-09-16T06:28:02.332Z] > authorizing via signed-in user (lurpdaderp@gmail.com)
[debug] [2025-09-16T06:28:02.332Z] [iam] checking project roadcash-e05e1 for permissions ["firebase.projects.get","firebaseextensions.instances.list"]
[debug] [2025-09-16T06:28:02.332Z] Checked if tokens are valid: true, expires at: 1758007521883
[debug] [2025-09-16T06:28:02.332Z] Checked if tokens are valid: true, expires at: 1758007521883
[debug] [2025-09-16T06:28:02.332Z] >>> [apiv2][query] POST https://cloudresourcemanager.googleapis.com/v1/projects/roadcash-e05e1:testIamPermissions [none]
[debug] [2025-09-16T06:28:02.332Z] >>> [apiv2][(partial)header] POST https://cloudresourcemanager.googleapis.com/v1/projects/roadcash-e05e1:testIamPermissions x-goog-quota-user=projects/roadcash-e05e1
[debug] [2025-09-16T06:28:02.332Z] >>> [apiv2][body] POST https://cloudresourcemanager.googleapis.com/v1/projects/roadcash-e05e1:testIamPermissions {"permissions":["firebase.projects.get","firebaseextensions.instances.list"]}
[debug] [2025-09-16T06:28:02.439Z] <<< [apiv2][status] POST https://cloudresourcemanager.googleapis.com/v1/projects/roadcash-e05e1:testIamPermissions 200
[debug] [2025-09-16T06:28:02.439Z] <<< [apiv2][body] POST https://cloudresourcemanager.googleapis.com/v1/projects/roadcash-e05e1:testIamPermissions {"permissions":["firebase.projects.get","firebaseextensions.instances.list"]}
[debug] [2025-09-16T06:28:02.439Z] Checked if tokens are valid: true, expires at: 1758007521883
[debug] [2025-09-16T06:28:02.439Z] Checked if tokens are valid: true, expires at: 1758007521883
[debug] [2025-09-16T06:28:02.439Z] >>> [apiv2][query] GET https://firebaseextensions.googleapis.com/v1beta/projects/roadcash-e05e1/instances pageSize=100&pageToken=
[debug] [2025-09-16T06:28:02.742Z] <<< [apiv2][status] GET https://firebaseextensions.googleapis.com/v1beta/projects/roadcash-e05e1/instances 200
[debug] [2025-09-16T06:28:02.742Z] <<< [apiv2][body] GET https://firebaseextensions.googleapis.com/v1beta/projects/roadcash-e05e1/instances {}
[info] i  functions: preparing functions directory for uploading... 
[info] i  functions: packaged C:\Users\lurpd\Documents\Development\RoadCash\functions (77.75 KB) for uploading 
[debug] [2025-09-16T06:28:02.764Z] Checked if tokens are valid: true, expires at: 1758007521883
[debug] [2025-09-16T06:28:02.764Z] Checked if tokens are valid: true, expires at: 1758007521883
[debug] [2025-09-16T06:28:02.764Z] >>> [apiv2][query] GET https://cloudfunctions.googleapis.com/v1/projects/roadcash-e05e1/locations/-/functions [none]
[debug] [2025-09-16T06:28:03.239Z] <<< [apiv2][status] GET https://cloudfunctions.googleapis.com/v1/projects/roadcash-e05e1/locations/-/functions 200
[debug] [2025-09-16T06:28:03.239Z] <<< [apiv2][body] GET https://cloudfunctions.googleapis.com/v1/projects/roadcash-e05e1/locations/-/functions {}
[debug] [2025-09-16T06:28:03.240Z] Checked if tokens are valid: true, expires at: 1758007521883
[debug] [2025-09-16T06:28:03.240Z] Checked if tokens are valid: true, expires at: 1758007521883
[debug] [2025-09-16T06:28:03.240Z] >>> [apiv2][query] GET https://cloudfunctions.googleapis.com/v2/projects/roadcash-e05e1/locations/-/functions filter=environment%3D%22GEN_2%22
[debug] [2025-09-16T06:28:03.791Z] <<< [apiv2][status] GET https://cloudfunctions.googleapis.com/v2/projects/roadcash-e05e1/locations/-/functions 200
[debug] [2025-09-16T06:28:03.791Z] <<< [apiv2][body] GET https://cloudfunctions.googleapis.com/v2/projects/roadcash-e05e1/locations/-/functions {"functions":[{"name":"projects/roadcash-e05e1/locations/us-central1/functions/notifyOnEmergency","buildConfig":{"build":"projects/68093599355/locations/us-central1/builds/f5f408bc-84aa-4639-8adc-65d4885f75ae","runtime":"nodejs18","entryPoint":"notifyOnEmergency","source":{"storageSource":{"bucket":"gcf-v2-sources-68093599355-us-central1","object":"notifyOnEmergency/function-source.zip","generation":"1758003933579432"}},"environmentVariables":{"GOOGLE_NODE_RUN_SCRIPTS":""},"dockerRepository":"projects/roadcash-e05e1/locations/us-central1/repositories/gcf-artifacts","sourceProvenance":{"resolvedStorageSource":{"bucket":"gcf-v2-sources-68093599355-us-central1","object":"notifyOnEmergency/function-source.zip","generation":"1758003933579432"}},"dockerRegistry":"ARTIFACT_REGISTRY","serviceAccount":"projects/roadcash-e05e1/serviceAccounts/68093599355-compute@developer.gserviceaccount.com","automaticUpdatePolicy":{}},"serviceConfig":{"service":"projects/roadcash-e05e1/locations/us-central1/services/notifyonemergency","timeoutSeconds":60,"environmentVariables":{"FIREBASE_CONFIG":"{\"projectId\":\"roadcash-e05e1\",\"storageBucket\":\"roadcash-e05e1.firebasestorage.app\"}","GCLOUD_PROJECT":"roadcash-e05e1","EVENTARC_CLOUD_EVENT_SOURCE":"projects/roadcash-e05e1/locations/us-central1/services/notifyOnEmergency","FUNCTION_SIGNATURE_TYPE":"cloudevent","FUNCTION_TARGET":"notifyOnEmergency","LOG_EXECUTION_ID":"true"},"maxInstanceCount":10,"ingressSettings":"ALLOW_ALL","uri":"https://notifyonemergency-qlzytqr5za-uc.a.run.app","serviceAccountEmail":"68093599355-compute@developer.gserviceaccount.com","availableMemory":"256Mi","allTrafficOnLatestRevision":true,"revision":"notifyonemergency-00003-xub","maxInstanceRequestConcurrency":80,"availableCpu":"1"},"eventTrigger":{"trigger":"projects/roadcash-e05e1/locations/nam5/triggers/notifyonemergency-082510","triggerRegion":"nam5","eventType":"google.cloud.firestore.document.v1.updated","eventFilters":[{"attribute":"namespace","value":"(default)"},{"attribute":"document","value":"groups/{groupId}","operator":"match-path-pattern"},{"attribute":"database","value":"(default)"}],"pubsubTopic":"projects/roadcash-e05e1/topics/eventarc-nam5-notifyonemergency-082510-745","serviceAccountEmail":"68093599355-compute@developer.gserviceaccount.com","retryPolicy":"RETRY_POLICY_DO_NOT_RETRY"},"state":"ACTIVE","updateTime":"2025-09-16T06:27:39.317514682Z","labels":{"firebase-functions-hash":"8a76ad162be72eb40f6be0a91fb82b971ab72410","deployment-tool":"cli-firebase"},"environment":"GEN_2","url":"https://us-central1-roadcash-e05e1.cloudfunctions.net/notifyOnEmergency","createTime":"2025-09-15T04:35:44.986680297Z","satisfiesPzi":true}]}
[debug] [2025-09-16T06:28:03.792Z] Checked if tokens are valid: true, expires at: 1758007521883
[debug] [2025-09-16T06:28:03.792Z] Checked if tokens are valid: true, expires at: 1758007521883
[debug] [2025-09-16T06:28:03.793Z] >>> [apiv2][query] GET https://firestore.googleapis.com/v1/projects/roadcash-e05e1/databases/(default) [none]
[debug] [2025-09-16T06:28:04.214Z] <<< [apiv2][status] GET https://firestore.googleapis.com/v1/projects/roadcash-e05e1/databases/(default) 200
[debug] [2025-09-16T06:28:04.214Z] <<< [apiv2][body] GET https://firestore.googleapis.com/v1/projects/roadcash-e05e1/databases/(default) {"name":"projects/roadcash-e05e1/databases/(default)","uid":"165b5f98-0d51-4094-bbe5-2307f93ff237","createTime":"2025-06-13T18:28:58.538057Z","updateTime":"2025-06-13T18:28:58.538057Z","locationId":"nam5","type":"FIRESTORE_NATIVE","concurrencyMode":"PESSIMISTIC","versionRetentionPeriod":"3600s","earliestVersionTime":"2025-09-16T05:28:03.585056Z","appEngineIntegrationMode":"DISABLED","keyPrefix":"s","pointInTimeRecoveryEnablement":"POINT_IN_TIME_RECOVERY_DISABLED","deleteProtectionState":"DELETE_PROTECTION_DISABLED","databaseEdition":"STANDARD","freeTier":true,"etag":"IJLbqcfT3I8DMIO8ubn52Y8D"}
[info] i  functions: ensuring required API run.googleapis.com is enabled... 
[info] i  functions: ensuring required API eventarc.googleapis.com is enabled... 
[info] i  functions: ensuring required API pubsub.googleapis.com is enabled... 
[info] i  functions: ensuring required API storage.googleapis.com is enabled... 
[info] i  functions: generating the service identity for pubsub.googleapis.com... 
[debug] [2025-09-16T06:28:04.216Z] Checked if tokens are valid: true, expires at: 1758007521883
[debug] [2025-09-16T06:28:04.216Z] Checked if tokens are valid: true, expires at: 1758007521883
[info] i  functions: generating the service identity for eventarc.googleapis.com... 
[debug] [2025-09-16T06:28:04.216Z] Checked if tokens are valid: true, expires at: 1758007521883
[debug] [2025-09-16T06:28:04.216Z] Checked if tokens are valid: true, expires at: 1758007521883
[debug] [2025-09-16T06:28:04.216Z] >>> [apiv2][query] POST https://serviceusage.googleapis.com/v1beta1/projects/68093599355/services/pubsub.googleapis.com:generateServiceIdentity [none]
[debug] [2025-09-16T06:28:04.216Z] >>> [apiv2][(partial)header] POST https://serviceusage.googleapis.com/v1beta1/projects/68093599355/services/pubsub.googleapis.com:generateServiceIdentity x-goog-quota-user=projects/68093599355
[debug] [2025-09-16T06:28:04.216Z] >>> [apiv2][body] POST https://serviceusage.googleapis.com/v1beta1/projects/68093599355/services/pubsub.googleapis.com:generateServiceIdentity {}
[debug] [2025-09-16T06:28:04.217Z] >>> [apiv2][query] POST https://serviceusage.googleapis.com/v1beta1/projects/68093599355/services/eventarc.googleapis.com:generateServiceIdentity [none]
[debug] [2025-09-16T06:28:04.217Z] >>> [apiv2][(partial)header] POST https://serviceusage.googleapis.com/v1beta1/projects/68093599355/services/eventarc.googleapis.com:generateServiceIdentity x-goog-quota-user=projects/68093599355
[debug] [2025-09-16T06:28:04.217Z] >>> [apiv2][body] POST https://serviceusage.googleapis.com/v1beta1/projects/68093599355/services/eventarc.googleapis.com:generateServiceIdentity {}
[debug] [2025-09-16T06:28:04.774Z] <<< [apiv2][status] POST https://serviceusage.googleapis.com/v1beta1/projects/68093599355/services/eventarc.googleapis.com:generateServiceIdentity 200
[debug] [2025-09-16T06:28:04.774Z] <<< [apiv2][body] POST https://serviceusage.googleapis.com/v1beta1/projects/68093599355/services/eventarc.googleapis.com:generateServiceIdentity {"name":"operations/finished.DONE_OPERATION","done":true,"response":{"@type":"type.googleapis.com/google.api.serviceusage.v1beta1.ServiceIdentity","email":"service-68093599355@gcp-sa-eventarc.iam.gserviceaccount.com","uniqueId":"110924124499124168139"}}
[debug] [2025-09-16T06:28:04.782Z] <<< [apiv2][status] POST https://serviceusage.googleapis.com/v1beta1/projects/68093599355/services/pubsub.googleapis.com:generateServiceIdentity 200
[debug] [2025-09-16T06:28:04.782Z] <<< [apiv2][body] POST https://serviceusage.googleapis.com/v1beta1/projects/68093599355/services/pubsub.googleapis.com:generateServiceIdentity {"name":"operations/finished.DONE_OPERATION","done":true,"response":{"@type":"type.googleapis.com/google.api.serviceusage.v1beta1.ServiceIdentity","email":"service-68093599355@gcp-sa-pubsub.iam.gserviceaccount.com","uniqueId":"111262267668711392941"}}
[debug] [2025-09-16T06:28:04.784Z] Checked if tokens are valid: true, expires at: 1758007521883
[debug] [2025-09-16T06:28:04.784Z] Checked if tokens are valid: true, expires at: 1758007521883
[debug] [2025-09-16T06:28:04.784Z] >>> [apiv2][query] GET https://cloudresourcemanager.googleapis.com/v1/projects/roadcash-e05e1 [none]
[debug] [2025-09-16T06:28:04.884Z] <<< [apiv2][status] GET https://cloudresourcemanager.googleapis.com/v1/projects/roadcash-e05e1 200
[debug] [2025-09-16T06:28:04.884Z] <<< [apiv2][body] GET https://cloudresourcemanager.googleapis.com/v1/projects/roadcash-e05e1 {"projectNumber":"68093599355","projectId":"roadcash-e05e1","lifecycleState":"ACTIVE","name":"RoadCash","labels":{"firebase":"enabled","firebase-core":"disabled"},"createTime":"2025-06-13T18:07:28.057828Z"}
[debug] [2025-09-16T06:28:04.884Z] Checked if tokens are valid: true, expires at: 1758007521883
[debug] [2025-09-16T06:28:04.885Z] Checked if tokens are valid: true, expires at: 1758007521883
[debug] [2025-09-16T06:28:04.885Z] >>> [apiv2][query] GET https://compute.googleapis.com/compute/v1/projects/68093599355 [none]
[debug] [2025-09-16T06:28:05.035Z] <<< [apiv2][status] GET https://compute.googleapis.com/compute/v1/projects/68093599355 403
[debug] [2025-09-16T06:28:05.035Z] <<< [apiv2][body] GET https://compute.googleapis.com/compute/v1/projects/68093599355 {"error":{"code":403,"message":"Compute Engine API has not been used in project 68093599355 before or it is disabled. Enable it by visiting https://console.developers.google.com/apis/api/compute.googleapis.com/overview?project=68093599355 then retry. If you enabled this API recently, wait a few minutes for the action to propagate to our systems and retry.","errors":[{"message":"Compute Engine API has not been used in project 68093599355 before or it is disabled. Enable it by visiting https://console.developers.google.com/apis/api/compute.googleapis.com/overview?project=68093599355 then retry. If you enabled this API recently, wait a few minutes for the action to propagate to our systems and retry.","domain":"usageLimits","reason":"accessNotConfigured","extendedHelp":"https://console.developers.google.com"}],"status":"PERMISSION_DENIED","details":[{"@type":"type.googleapis.com/google.rpc.ErrorInfo","reason":"SERVICE_DISABLED","domain":"googleapis.com","metadata":{"activationUrl":"https://console.developers.google.com/apis/api/compute.googleapis.com/overview?project=68093599355","containerInfo":"68093599355","service":"compute.googleapis.com","serviceTitle":"Compute Engine API","consumer":"projects/68093599355"}},{"@type":"type.googleapis.com/google.rpc.LocalizedMessage","locale":"en-US","message":"Compute Engine API has not been used in project 68093599355 before or it is disabled. Enable it by visiting https://console.developers.google.com/apis/api/compute.googleapis.com/overview?project=68093599355 then retry. If you enabled this API recently, wait a few minutes for the action to propagate to our systems and retry."},{"@type":"type.googleapis.com/google.rpc.Help","links":[{"description":"Google developers console API activation","url":"https://console.developers.google.com/apis/api/compute.googleapis.com/overview?project=68093599355"}]}]}}
[debug] [2025-09-16T06:28:05.036Z] unable to look up default compute service account. Falling back to 68093599355-compute@developer.gserviceaccount.com. Error: {"name":"FirebaseError","children":[],"context":{"body":{"error":{"code":403,"message":"Compute Engine API has not been used in project 68093599355 before or it is disabled. Enable it by visiting https://console.developers.google.com/apis/api/compute.googleapis.com/overview?project=68093599355 then retry. If you enabled this API recently, wait a few minutes for the action to propagate to our systems and retry.","errors":[{"message":"Compute Engine API has not been used in project 68093599355 before or it is disabled. Enable it by visiting https://console.developers.google.com/apis/api/compute.googleapis.com/overview?project=68093599355 then retry. If you enabled this API recently, wait a few minutes for the action to propagate to our systems and retry.","domain":"usageLimits","reason":"accessNotConfigured","extendedHelp":"https://console.developers.google.com"}],"status":"PERMISSION_DENIED","details":[{"@type":"type.googleapis.com/google.rpc.ErrorInfo","reason":"SERVICE_DISABLED","domain":"googleapis.com","metadata":{"activationUrl":"https://console.developers.google.com/apis/api/compute.googleapis.com/overview?project=68093599355","containerInfo":"68093599355","service":"compute.googleapis.com","serviceTitle":"Compute Engine API","consumer":"projects/68093599355"}},{"@type":"type.googleapis.com/google.rpc.LocalizedMessage","locale":"en-US","message":"Compute Engine API has not been used in project 68093599355 before or it is disabled. Enable it by visiting https://console.developers.google.com/apis/api/compute.googleapis.com/overview?project=68093599355 then retry. If you enabled this API recently, wait a few minutes for the action to propagate to our systems and retry."},{"@type":"type.googleapis.com/google.rpc.Help","links":[{"description":"Google developers console API activation","url":"https://console.developers.google.com/apis/api/compute.googleapis.com/overview?project=68093599355"}]}]}},"response":{"statusCode":403}},"exit":1,"message":"Request to https://compute.googleapis.com/compute/v1/projects/68093599355 had HTTP Error: 403, Compute Engine API has not been used in project 68093599355 before or it is disabled. Enable it by visiting https://console.developers.google.com/apis/api/compute.googleapis.com/overview?project=68093599355 then retry. If you enabled this API recently, wait a few minutes for the action to propagate to our systems and retry.","status":403}
[debug] [2025-09-16T06:28:05.036Z] Checked if tokens are valid: true, expires at: 1758007521883
[debug] [2025-09-16T06:28:05.036Z] Checked if tokens are valid: true, expires at: 1758007521883
[debug] [2025-09-16T06:28:05.036Z] >>> [apiv2][query] GET https://cloudbilling.googleapis.com/v1/projects/roadcash-e05e1/billingInfo [none]
[debug] [2025-09-16T06:28:05.272Z] <<< [apiv2][status] GET https://cloudbilling.googleapis.com/v1/projects/roadcash-e05e1/billingInfo 200
[debug] [2025-09-16T06:28:05.273Z] <<< [apiv2][body] GET https://cloudbilling.googleapis.com/v1/projects/roadcash-e05e1/billingInfo {"name":"projects/roadcash-e05e1/billingInfo","projectId":"roadcash-e05e1","billingAccountName":"billingAccounts/01EB7C-45FB12-412704","billingEnabled":true}
[debug] [2025-09-16T06:28:05.273Z] Checked if tokens are valid: true, expires at: 1758007521883
[debug] [2025-09-16T06:28:05.273Z] Checked if tokens are valid: true, expires at: 1758007521883
[debug] [2025-09-16T06:28:05.273Z] >>> [apiv2][query] POST https://cloudfunctions.googleapis.com/v2/projects/roadcash-e05e1/locations/us-central1/functions:generateUploadUrl [none]
[debug] [2025-09-16T06:28:05.588Z] <<< [apiv2][status] POST https://cloudfunctions.googleapis.com/v2/projects/roadcash-e05e1/locations/us-central1/functions:generateUploadUrl 200
[debug] [2025-09-16T06:28:05.588Z] <<< [apiv2][body] POST https://cloudfunctions.googleapis.com/v2/projects/roadcash-e05e1/locations/us-central1/functions:generateUploadUrl {"uploadUrl":"https://storage.googleapis.com/gcf-v2-uploads-68093599355.us-central1.cloudfunctions.appspot.com/f6f98a7f-3f3c-4924-8d72-6acc3dd587bb.zip?GoogleAccessId=service-68093599355@gcf-admin-robot.iam.gserviceaccount.com&Expires=1758005884&Signature=PiwG%2FCt75M5h8AmVezx%2FbDn6J3%2FbtcznPEi4rTqCaam4%2F05OghOjqDH1FzPQmJmDUCE0lLhHOpBqlxn4w6rYMwLyzSmMpbqWgwZQCyW9d%2BFJCQDxqY9m4lqQjHnMgsYBMfiOcCWdUGkUD%2BE1fbbFUAPlDWYfDMrDjVAsxNXpkRJ3pkVTRcWdA3HNh4g9NoQDAZoRTRDmPiSBE6R7YrLSG1IvrZOE4h42JJeFVNfwHpFvtCq%2FefUpedfDkrWFE9G4EEAEXiKBlB3Bulwi6L6nVIV0BRNgB8gWB3RsQ7Y%2BYnG9mC8qWmHvzHMI9xgpt9N4qCHTNndL79hBznWkH%2BA3sQ%3D%3D","storageSource":{"bucket":"gcf-v2-uploads-68093599355.us-central1.cloudfunctions.appspot.com","object":"f6f98a7f-3f3c-4924-8d72-6acc3dd587bb.zip"}}
[debug] [2025-09-16T06:28:05.589Z] >>> [apiv2][query] PUT https://storage.googleapis.com/gcf-v2-uploads-68093599355.us-central1.cloudfunctions.appspot.com/f6f98a7f-3f3c-4924-8d72-6acc3dd587bb.zip GoogleAccessId=service-68093599355%40gcf-admin-robot.iam.gserviceaccount.com&Expires=1758005884&Signature=PiwG%2FCt75M5h8AmVezx%2FbDn6J3%2FbtcznPEi4rTqCaam4%2F05OghOjqDH1FzPQmJmDUCE0lLhHOpBqlxn4w6rYMwLyzSmMpbqWgwZQCyW9d%2BFJCQDxqY9m4lqQjHnMgsYBMfiOcCWdUGkUD%2BE1fbbFUAPlDWYfDMrDjVAsxNXpkRJ3pkVTRcWdA3HNh4g9NoQDAZoRTRDmPiSBE6R7YrLSG1IvrZOE4h42JJeFVNfwHpFvtCq%2FefUpedfDkrWFE9G4EEAEXiKBlB3Bulwi6L6nVIV0BRNgB8gWB3RsQ7Y%2BYnG9mC8qWmHvzHMI9xgpt9N4qCHTNndL79hBznWkH%2BA3sQ%3D%3D
[debug] [2025-09-16T06:28:05.589Z] >>> [apiv2][body] PUT https://storage.googleapis.com/gcf-v2-uploads-68093599355.us-central1.cloudfunctions.appspot.com/f6f98a7f-3f3c-4924-8d72-6acc3dd587bb.zip [stream]
[debug] [2025-09-16T06:28:05.846Z] <<< [apiv2][status] PUT https://storage.googleapis.com/gcf-v2-uploads-68093599355.us-central1.cloudfunctions.appspot.com/f6f98a7f-3f3c-4924-8d72-6acc3dd587bb.zip 200
[debug] [2025-09-16T06:28:05.846Z] <<< [apiv2][body] PUT https://storage.googleapis.com/gcf-v2-uploads-68093599355.us-central1.cloudfunctions.appspot.com/f6f98a7f-3f3c-4924-8d72-6acc3dd587bb.zip [omitted]
[info] +  functions: functions source uploaded successfully 
[info] i  functions: updating Node.js 18 (2nd Gen) function notifyOnEmergency(us-central1)... 
[debug] [2025-09-16T06:28:05.849Z] Checked if tokens are valid: true, expires at: 1758007521883
[debug] [2025-09-16T06:28:05.849Z] Checked if tokens are valid: true, expires at: 1758007521883
[debug] [2025-09-16T06:28:05.849Z] >>> [apiv2][query] PATCH https://cloudfunctions.googleapis.com/v2/projects/roadcash-e05e1/locations/us-central1/functions/notifyOnEmergency updateMask=name%2CbuildConfig.runtime%2CbuildConfig.entryPoint%2CbuildConfig.source.storageSource.bucket%2CbuildConfig.source.storageSource.object%2CbuildConfig.environmentVariables%2CbuildConfig.sourceToken%2CserviceConfig.environmentVariables%2CserviceConfig.ingressSettings%2CserviceConfig.timeoutSeconds%2CserviceConfig.serviceAccountEmail%2CserviceConfig.availableMemory%2CserviceConfig.minInstanceCount%2CserviceConfig.maxInstanceCount%2CserviceConfig.maxInstanceRequestConcurrency%2CserviceConfig.availableCpu%2CserviceConfig.vpcConnector%2CserviceConfig.vpcConnectorEgressSettings%2Clabels%2CeventTrigger.eventType%2CeventTrigger.retryPolicy%2CeventTrigger.eventFilters%2CeventTrigger.triggerRegion
[debug] [2025-09-16T06:28:05.849Z] >>> [apiv2][body] PATCH https://cloudfunctions.googleapis.com/v2/projects/roadcash-e05e1/locations/us-central1/functions/notifyOnEmergency {"name":"projects/roadcash-e05e1/locations/us-central1/functions/notifyOnEmergency","buildConfig":{"runtime":"nodejs18","entryPoint":"notifyOnEmergency","source":{"storageSource":{"bucket":"gcf-v2-uploads-68093599355.us-central1.cloudfunctions.appspot.com","object":"f6f98a7f-3f3c-4924-8d72-6acc3dd587bb.zip"}},"environmentVariables":{"GOOGLE_NODE_RUN_SCRIPTS":""}},"serviceConfig":{"environmentVariables":{"FIREBASE_CONFIG":"{\"projectId\":\"roadcash-e05e1\",\"storageBucket\":\"roadcash-e05e1.firebasestorage.app\"}","GCLOUD_PROJECT":"roadcash-e05e1","EVENTARC_CLOUD_EVENT_SOURCE":"projects/roadcash-e05e1/locations/us-central1/services/notifyOnEmergency","FUNCTION_SIGNATURE_TYPE":"cloudevent","FUNCTION_TARGET":"notifyOnEmergency","LOG_EXECUTION_ID":"true"},"ingressSettings":null,"timeoutSeconds":null,"serviceAccountEmail":null,"availableMemory":"256Mi","minInstanceCount":null,"maxInstanceCount":10,"maxInstanceRequestConcurrency":80,"availableCpu":"1","vpcConnector":null,"vpcConnectorEgressSettings":null},"labels":{"deployment-tool":"cli-firebase","firebase-functions-hash":"4ed43ccb4e532b3d233a515bde3b33ed37866781"},"eventTrigger":{"eventType":"google.cloud.firestore.document.v1.updated","retryPolicy":"RETRY_POLICY_DO_NOT_RETRY","eventFilters":[{"attribute":"database","value":"(default)"},{"attribute":"namespace","value":"(default)"},{"attribute":"document","value":"groups/{groupId}","operator":"match-path-pattern"}],"triggerRegion":"nam5"}}
[debug] [2025-09-16T06:28:06.861Z] <<< [apiv2][status] PATCH https://cloudfunctions.googleapis.com/v2/projects/roadcash-e05e1/locations/us-central1/functions/notifyOnEmergency 200
[debug] [2025-09-16T06:28:06.861Z] <<< [apiv2][body] PATCH https://cloudfunctions.googleapis.com/v2/projects/roadcash-e05e1/locations/us-central1/functions/notifyOnEmergency {"name":"projects/roadcash-e05e1/locations/us-central1/operations/operation-1758004085320-63ee53904e96b-6d0f67d1-228bc44f","metadata":{"@type":"type.googleapis.com/google.cloud.functions.v2.OperationMetadata","createTime":"2025-09-16T06:28:06.210394508Z","target":"projects/roadcash-e05e1/locations/us-central1/functions/notifyOnEmergency","verb":"update","cancelRequested":false,"apiVersion":"v2"},"done":false}
[debug] [2025-09-16T06:28:06.862Z] Checked if tokens are valid: true, expires at: 1758007521883
[debug] [2025-09-16T06:28:06.862Z] Checked if tokens are valid: true, expires at: 1758007521883
[debug] [2025-09-16T06:28:06.862Z] >>> [apiv2][query] GET https://cloudfunctions.googleapis.com/v2/projects/roadcash-e05e1/locations/us-central1/operations/operation-1758004085320-63ee53904e96b-6d0f67d1-228bc44f [none]
[debug] [2025-09-16T06:28:07.117Z] <<< [apiv2][status] GET https://cloudfunctions.googleapis.com/v2/projects/roadcash-e05e1/locations/us-central1/operations/operation-1758004085320-63ee53904e96b-6d0f67d1-228bc44f 200
[debug] [2025-09-16T06:28:07.117Z] <<< [apiv2][body] GET https://cloudfunctions.googleapis.com/v2/projects/roadcash-e05e1/locations/us-central1/operations/operation-1758004085320-63ee53904e96b-6d0f67d1-228bc44f {"name":"projects/roadcash-e05e1/locations/us-central1/operations/operation-1758004085320-63ee53904e96b-6d0f67d1-228bc44f","metadata":{"@type":"type.googleapis.com/google.cloud.functions.v2.OperationMetadata","createTime":"2025-09-16T06:28:06.210394508Z","target":"projects/roadcash-e05e1/locations/us-central1/functions/notifyOnEmergency","verb":"update","cancelRequested":false,"apiVersion":"v2","requestResource":{"@type":"type.googleapis.com/google.cloud.functions.v2.Function","name":"projects/roadcash-e05e1/locations/us-central1/functions/notifyOnEmergency","buildConfig":{"runtime":"nodejs18","entryPoint":"notifyOnEmergency","source":{"storageSource":{"bucket":"gcf-v2-sources-68093599355-us-central1","object":"notifyOnEmergency/function-source.zip","generation":"1758004086160375"}},"environmentVariables":{"GOOGLE_NODE_RUN_SCRIPTS":""},"dockerRepository":"projects/roadcash-e05e1/locations/us-central1/repositories/gcf-artifacts","sourceProvenance":{"resolvedStorageSource":{"bucket":"gcf-v2-sources-68093599355-us-central1","object":"notifyOnEmergency/function-source.zip","generation":"1758003933579432"}},"dockerRegistry":"ARTIFACT_REGISTRY","serviceAccount":"projects/roadcash-e05e1/serviceAccounts/68093599355-compute@developer.gserviceaccount.com","automaticUpdatePolicy":{}},"serviceConfig":{"service":"projects/roadcash-e05e1/locations/us-central1/services/notifyonemergency","timeoutSeconds":60,"environmentVariables":{"FIREBASE_CONFIG":"{\"projectId\":\"roadcash-e05e1\",\"storageBucket\":\"roadcash-e05e1.firebasestorage.app\"}","GCLOUD_PROJECT":"roadcash-e05e1","EVENTARC_CLOUD_EVENT_SOURCE":"projects/roadcash-e05e1/locations/us-central1/services/notifyOnEmergency","FUNCTION_SIGNATURE_TYPE":"cloudevent","FUNCTION_TARGET":"notifyOnEmergency","LOG_EXECUTION_ID":"true"},"maxInstanceCount":10,"ingressSettings":"ALLOW_ALL","uri":"https://notifyonemergency-qlzytqr5za-uc.a.run.app","serviceAccountEmail":"68093599355-compute@developer.gserviceaccount.com","availableMemory":"256Mi","allTrafficOnLatestRevision":true,"revision":"notifyonemergency-00003-xub","maxInstanceRequestConcurrency":80,"availableCpu":"1"},"eventTrigger":{"trigger":"projects/roadcash-e05e1/locations/nam5/triggers/notifyonemergency-082510","triggerRegion":"nam5","eventType":"google.cloud.firestore.document.v1.updated","eventFilters":[{"attribute":"database","value":"(default)"},{"attribute":"namespace","value":"(default)"},{"attribute":"document","value":"groups/{groupId}","operator":"match-path-pattern"}],"pubsubTopic":"projects/roadcash-e05e1/topics/eventarc-nam5-notifyonemergency-082510-745","serviceAccountEmail":"68093599355-compute@developer.gserviceaccount.com","retryPolicy":"RETRY_POLICY_DO_NOT_RETRY"},"state":"ACTIVE","labels":{"deployment-tool":"cli-firebase","firebase-functions-hash":"4ed43ccb4e532b3d233a515bde3b33ed37866781"},"environment":"GEN_2","url":"https://us-central1-roadcash-e05e1.cloudfunctions.net/notifyOnEmergency","satisfiesPzi":true},"stages":[{"name":"BUILD","state":"NOT_STARTED","stateMessages":[{"severity":"WARNING","type":"BuildAnalysisWarning","message":"Node.js 18 is no longer supported by the Node.js community as of 30 April, 2025. Node.js 18 will be decommissioned on 2025-10-30. As of 2025-10-30 you will no longer be able to deploy your Cloud Functions using nodejs18. We recommend you to upgrade to the latest version of Node.js as soon as possible."}]},{"name":"SERVICE","state":"NOT_STARTED"},{"name":"TRIGGER","state":"NOT_STARTED"}],"operationType":"UPDATE_FUNCTION"},"done":false}
[debug] [2025-09-16T06:28:07.632Z] [update-default-us-central1-notifyOnEmergency] Retrying task index 0
[debug] [2025-09-16T06:28:07.632Z] Checked if tokens are valid: true, expires at: 1758007521883
[debug] [2025-09-16T06:28:07.632Z] Checked if tokens are valid: true, expires at: 1758007521883
[debug] [2025-09-16T06:28:07.633Z] >>> [apiv2][query] GET https://cloudfunctions.googleapis.com/v2/projects/roadcash-e05e1/locations/us-central1/operations/operation-1758004085320-63ee53904e96b-6d0f67d1-228bc44f [none]
[debug] [2025-09-16T06:28:07.909Z] <<< [apiv2][status] GET https://cloudfunctions.googleapis.com/v2/projects/roadcash-e05e1/locations/us-central1/operations/operation-1758004085320-63ee53904e96b-6d0f67d1-228bc44f 200
[debug] [2025-09-16T06:28:07.909Z] <<< [apiv2][body] GET https://cloudfunctions.googleapis.com/v2/projects/roadcash-e05e1/locations/us-central1/operations/operation-1758004085320-63ee53904e96b-6d0f67d1-228bc44f {"name":"projects/roadcash-e05e1/locations/us-central1/operations/operation-1758004085320-63ee53904e96b-6d0f67d1-228bc44f","metadata":{"@type":"type.googleapis.com/google.cloud.functions.v2.OperationMetadata","createTime":"2025-09-16T06:28:06.210394508Z","target":"projects/roadcash-e05e1/locations/us-central1/functions/notifyOnEmergency","verb":"update","cancelRequested":false,"apiVersion":"v2","requestResource":{"@type":"type.googleapis.com/google.cloud.functions.v2.Function","name":"projects/roadcash-e05e1/locations/us-central1/functions/notifyOnEmergency","buildConfig":{"runtime":"nodejs18","entryPoint":"notifyOnEmergency","source":{"storageSource":{"bucket":"gcf-v2-sources-68093599355-us-central1","object":"notifyOnEmergency/function-source.zip","generation":"1758004086160375"}},"environmentVariables":{"GOOGLE_NODE_RUN_SCRIPTS":""},"dockerRepository":"projects/roadcash-e05e1/locations/us-central1/repositories/gcf-artifacts","sourceProvenance":{"resolvedStorageSource":{"bucket":"gcf-v2-sources-68093599355-us-central1","object":"notifyOnEmergency/function-source.zip","generation":"1758003933579432"}},"dockerRegistry":"ARTIFACT_REGISTRY","serviceAccount":"projects/roadcash-e05e1/serviceAccounts/68093599355-compute@developer.gserviceaccount.com","automaticUpdatePolicy":{}},"serviceConfig":{"service":"projects/roadcash-e05e1/locations/us-central1/services/notifyonemergency","timeoutSeconds":60,"environmentVariables":{"FIREBASE_CONFIG":"{\"projectId\":\"roadcash-e05e1\",\"storageBucket\":\"roadcash-e05e1.firebasestorage.app\"}","GCLOUD_PROJECT":"roadcash-e05e1","EVENTARC_CLOUD_EVENT_SOURCE":"projects/roadcash-e05e1/locations/us-central1/services/notifyOnEmergency","FUNCTION_SIGNATURE_TYPE":"cloudevent","FUNCTION_TARGET":"notifyOnEmergency","LOG_EXECUTION_ID":"true"},"maxInstanceCount":10,"ingressSettings":"ALLOW_ALL","uri":"https://notifyonemergency-qlzytqr5za-uc.a.run.app","serviceAccountEmail":"68093599355-compute@developer.gserviceaccount.com","availableMemory":"256Mi","allTrafficOnLatestRevision":true,"revision":"notifyonemergency-00003-xub","maxInstanceRequestConcurrency":80,"availableCpu":"1"},"eventTrigger":{"trigger":"projects/roadcash-e05e1/locations/nam5/triggers/notifyonemergency-082510","triggerRegion":"nam5","eventType":"google.cloud.firestore.document.v1.updated","eventFilters":[{"attribute":"database","value":"(default)"},{"attribute":"namespace","value":"(default)"},{"attribute":"document","value":"groups/{groupId}","operator":"match-path-pattern"}],"pubsubTopic":"projects/roadcash-e05e1/topics/eventarc-nam5-notifyonemergency-082510-745","serviceAccountEmail":"68093599355-compute@developer.gserviceaccount.com","retryPolicy":"RETRY_POLICY_DO_NOT_RETRY"},"state":"ACTIVE","labels":{"deployment-tool":"cli-firebase","firebase-functions-hash":"4ed43ccb4e532b3d233a515bde3b33ed37866781"},"environment":"GEN_2","url":"https://us-central1-roadcash-e05e1.cloudfunctions.net/notifyOnEmergency","satisfiesPzi":true},"stages":[{"name":"BUILD","message":"Creating build","state":"IN_PROGRESS","resource":"projects/68093599355/locations/us-central1/builds/6fd8ef2c-7edb-4531-9adc-d89609569d81","resourceUri":"https://console.cloud.google.com/cloud-build/builds;region=us-central1/6fd8ef2c-7edb-4531-9adc-d89609569d81?project=68093599355"},{"name":"SERVICE","state":"NOT_STARTED"},{"name":"TRIGGER","state":"NOT_STARTED"}],"operationType":"UPDATE_FUNCTION","buildName":"projects/68093599355/locations/us-central1/builds/6fd8ef2c-7edb-4531-9adc-d89609569d81"},"done":false}
[debug] [2025-09-16T06:28:08.909Z] [update-default-us-central1-notifyOnEmergency] Retrying task index 0
[debug] [2025-09-16T06:28:08.909Z] Checked if tokens are valid: true, expires at: 1758007521883
[debug] [2025-09-16T06:28:08.909Z] Checked if tokens are valid: true, expires at: 1758007521883
[debug] [2025-09-16T06:28:08.909Z] >>> [apiv2][query] GET https://cloudfunctions.googleapis.com/v2/projects/roadcash-e05e1/locations/us-central1/operations/operation-1758004085320-63ee53904e96b-6d0f67d1-228bc44f [none]
[debug] [2025-09-16T06:28:09.161Z] <<< [apiv2][status] GET https://cloudfunctions.googleapis.com/v2/projects/roadcash-e05e1/locations/us-central1/operations/operation-1758004085320-63ee53904e96b-6d0f67d1-228bc44f 200
[debug] [2025-09-16T06:28:09.161Z] <<< [apiv2][body] GET https://cloudfunctions.googleapis.com/v2/projects/roadcash-e05e1/locations/us-central1/operations/operation-1758004085320-63ee53904e96b-6d0f67d1-228bc44f {"name":"projects/roadcash-e05e1/locations/us-central1/operations/operation-1758004085320-63ee53904e96b-6d0f67d1-228bc44f","metadata":{"@type":"type.googleapis.com/google.cloud.functions.v2.OperationMetadata","createTime":"2025-09-16T06:28:06.210394508Z","target":"projects/roadcash-e05e1/locations/us-central1/functions/notifyOnEmergency","verb":"update","cancelRequested":false,"apiVersion":"v2","requestResource":{"@type":"type.googleapis.com/google.cloud.functions.v2.Function","name":"projects/roadcash-e05e1/locations/us-central1/functions/notifyOnEmergency","buildConfig":{"runtime":"nodejs18","entryPoint":"notifyOnEmergency","source":{"storageSource":{"bucket":"gcf-v2-sources-68093599355-us-central1","object":"notifyOnEmergency/function-source.zip","generation":"1758004086160375"}},"environmentVariables":{"GOOGLE_NODE_RUN_SCRIPTS":""},"dockerRepository":"projects/roadcash-e05e1/locations/us-central1/repositories/gcf-artifacts","sourceProvenance":{"resolvedStorageSource":{"bucket":"gcf-v2-sources-68093599355-us-central1","object":"notifyOnEmergency/function-source.zip","generation":"1758003933579432"}},"dockerRegistry":"ARTIFACT_REGISTRY","serviceAccount":"projects/roadcash-e05e1/serviceAccounts/68093599355-compute@developer.gserviceaccount.com","automaticUpdatePolicy":{}},"serviceConfig":{"service":"projects/roadcash-e05e1/locations/us-central1/services/notifyonemergency","timeoutSeconds":60,"environmentVariables":{"FIREBASE_CONFIG":"{\"projectId\":\"roadcash-e05e1\",\"storageBucket\":\"roadcash-e05e1.firebasestorage.app\"}","GCLOUD_PROJECT":"roadcash-e05e1","EVENTARC_CLOUD_EVENT_SOURCE":"projects/roadcash-e05e1/locations/us-central1/services/notifyOnEmergency","FUNCTION_SIGNATURE_TYPE":"cloudevent","FUNCTION_TARGET":"notifyOnEmergency","LOG_EXECUTION_ID":"true"},"maxInstanceCount":10,"ingressSettings":"ALLOW_ALL","uri":"https://notifyonemergency-qlzytqr5za-uc.a.run.app","serviceAccountEmail":"68093599355-compute@developer.gserviceaccount.com","availableMemory":"256Mi","allTrafficOnLatestRevision":true,"revision":"notifyonemergency-00003-xub","maxInstanceRequestConcurrency":80,"availableCpu":"1"},"eventTrigger":{"trigger":"projects/roadcash-e05e1/locations/nam5/triggers/notifyonemergency-082510","triggerRegion":"nam5","eventType":"google.cloud.firestore.document.v1.updated","eventFilters":[{"attribute":"database","value":"(default)"},{"attribute":"namespace","value":"(default)"},{"attribute":"document","value":"groups/{groupId}","operator":"match-path-pattern"}],"pubsubTopic":"projects/roadcash-e05e1/topics/eventarc-nam5-notifyonemergency-082510-745","serviceAccountEmail":"68093599355-compute@developer.gserviceaccount.com","retryPolicy":"RETRY_POLICY_DO_NOT_RETRY"},"state":"ACTIVE","labels":{"deployment-tool":"cli-firebase","firebase-functions-hash":"4ed43ccb4e532b3d233a515bde3b33ed37866781"},"environment":"GEN_2","url":"https://us-central1-roadcash-e05e1.cloudfunctions.net/notifyOnEmergency","satisfiesPzi":true},"stages":[{"name":"BUILD","message":"Build in progress","state":"IN_PROGRESS","resource":"projects/68093599355/locations/us-central1/builds/6fd8ef2c-7edb-4531-9adc-d89609569d81","resourceUri":"https://console.cloud.google.com/cloud-build/builds;region=us-central1/6fd8ef2c-7edb-4531-9adc-d89609569d81?project=68093599355"},{"name":"SERVICE","state":"NOT_STARTED"},{"name":"TRIGGER","state":"NOT_STARTED"}],"operationType":"UPDATE_FUNCTION","buildName":"projects/68093599355/locations/us-central1/builds/6fd8ef2c-7edb-4531-9adc-d89609569d81"},"done":false}
[debug] [2025-09-16T06:28:11.168Z] [update-default-us-central1-notifyOnEmergency] Retrying task index 0
[debug] [2025-09-16T06:28:11.169Z] Checked if tokens are valid: true, expires at: 1758007521883
[debug] [2025-09-16T06:28:11.169Z] Checked if tokens are valid: true, expires at: 1758007521883
[debug] [2025-09-16T06:28:11.169Z] >>> [apiv2][query] GET https://cloudfunctions.googleapis.com/v2/projects/roadcash-e05e1/locations/us-central1/operations/operation-1758004085320-63ee53904e96b-6d0f67d1-228bc44f [none]
[debug] [2025-09-16T06:28:11.447Z] <<< [apiv2][status] GET https://cloudfunctions.googleapis.com/v2/projects/roadcash-e05e1/locations/us-central1/operations/operation-1758004085320-63ee53904e96b-6d0f67d1-228bc44f 200
[debug] [2025-09-16T06:28:11.448Z] <<< [apiv2][body] GET https://cloudfunctions.googleapis.com/v2/projects/roadcash-e05e1/locations/us-central1/operations/operation-1758004085320-63ee53904e96b-6d0f67d1-228bc44f {"name":"projects/roadcash-e05e1/locations/us-central1/operations/operation-1758004085320-63ee53904e96b-6d0f67d1-228bc44f","metadata":{"@type":"type.googleapis.com/google.cloud.functions.v2.OperationMetadata","createTime":"2025-09-16T06:28:06.210394508Z","target":"projects/roadcash-e05e1/locations/us-central1/functions/notifyOnEmergency","verb":"update","cancelRequested":false,"apiVersion":"v2","requestResource":{"@type":"type.googleapis.com/google.cloud.functions.v2.Function","name":"projects/roadcash-e05e1/locations/us-central1/functions/notifyOnEmergency","buildConfig":{"runtime":"nodejs18","entryPoint":"notifyOnEmergency","source":{"storageSource":{"bucket":"gcf-v2-sources-68093599355-us-central1","object":"notifyOnEmergency/function-source.zip","generation":"1758004086160375"}},"environmentVariables":{"GOOGLE_NODE_RUN_SCRIPTS":""},"dockerRepository":"projects/roadcash-e05e1/locations/us-central1/repositories/gcf-artifacts","sourceProvenance":{"resolvedStorageSource":{"bucket":"gcf-v2-sources-68093599355-us-central1","object":"notifyOnEmergency/function-source.zip","generation":"1758003933579432"}},"dockerRegistry":"ARTIFACT_REGISTRY","serviceAccount":"projects/roadcash-e05e1/serviceAccounts/68093599355-compute@developer.gserviceaccount.com","automaticUpdatePolicy":{}},"serviceConfig":{"service":"projects/roadcash-e05e1/locations/us-central1/services/notifyonemergency","timeoutSeconds":60,"environmentVariables":{"FIREBASE_CONFIG":"{\"projectId\":\"roadcash-e05e1\",\"storageBucket\":\"roadcash-e05e1.firebasestorage.app\"}","GCLOUD_PROJECT":"roadcash-e05e1","EVENTARC_CLOUD_EVENT_SOURCE":"projects/roadcash-e05e1/locations/us-central1/services/notifyOnEmergency","FUNCTION_SIGNATURE_TYPE":"cloudevent","FUNCTION_TARGET":"notifyOnEmergency","LOG_EXECUTION_ID":"true"},"maxInstanceCount":10,"ingressSettings":"ALLOW_ALL","uri":"https://notifyonemergency-qlzytqr5za-uc.a.run.app","serviceAccountEmail":"68093599355-compute@developer.gserviceaccount.com","availableMemory":"256Mi","allTrafficOnLatestRevision":true,"revision":"notifyonemergency-00003-xub","maxInstanceRequestConcurrency":80,"availableCpu":"1"},"eventTrigger":{"trigger":"projects/roadcash-e05e1/locations/nam5/triggers/notifyonemergency-082510","triggerRegion":"nam5","eventType":"google.cloud.firestore.document.v1.updated","eventFilters":[{"attribute":"database","value":"(default)"},{"attribute":"namespace","value":"(default)"},{"attribute":"document","value":"groups/{groupId}","operator":"match-path-pattern"}],"pubsubTopic":"projects/roadcash-e05e1/topics/eventarc-nam5-notifyonemergency-082510-745","serviceAccountEmail":"68093599355-compute@developer.gserviceaccount.com","retryPolicy":"RETRY_POLICY_DO_NOT_RETRY"},"state":"ACTIVE","labels":{"deployment-tool":"cli-firebase","firebase-functions-hash":"4ed43ccb4e532b3d233a515bde3b33ed37866781"},"environment":"GEN_2","url":"https://us-central1-roadcash-e05e1.cloudfunctions.net/notifyOnEmergency","satisfiesPzi":true},"stages":[{"name":"BUILD","message":"Build in progress","state":"IN_PROGRESS","resource":"projects/68093599355/locations/us-central1/builds/6fd8ef2c-7edb-4531-9adc-d89609569d81","resourceUri":"https://console.cloud.google.com/cloud-build/builds;region=us-central1/6fd8ef2c-7edb-4531-9adc-d89609569d81?project=68093599355"},{"name":"SERVICE","state":"NOT_STARTED"},{"name":"TRIGGER","state":"NOT_STARTED"}],"operationType":"UPDATE_FUNCTION","buildName":"projects/68093599355/locations/us-central1/builds/6fd8ef2c-7edb-4531-9adc-d89609569d81"},"done":false}
[debug] [2025-09-16T06:28:15.455Z] [update-default-us-central1-notifyOnEmergency] Retrying task index 0
[debug] [2025-09-16T06:28:15.456Z] Checked if tokens are valid: true, expires at: 1758007521883
[debug] [2025-09-16T06:28:15.456Z] Checked if tokens are valid: true, expires at: 1758007521883
[debug] [2025-09-16T06:28:15.456Z] >>> [apiv2][query] GET https://cloudfunctions.googleapis.com/v2/projects/roadcash-e05e1/locations/us-central1/operations/operation-1758004085320-63ee53904e96b-6d0f67d1-228bc44f [none]
[debug] [2025-09-16T06:28:15.709Z] <<< [apiv2][status] GET https://cloudfunctions.googleapis.com/v2/projects/roadcash-e05e1/locations/us-central1/operations/operation-1758004085320-63ee53904e96b-6d0f67d1-228bc44f 200
[debug] [2025-09-16T06:28:15.709Z] <<< [apiv2][body] GET https://cloudfunctions.googleapis.com/v2/projects/roadcash-e05e1/locations/us-central1/operations/operation-1758004085320-63ee53904e96b-6d0f67d1-228bc44f {"name":"projects/roadcash-e05e1/locations/us-central1/operations/operation-1758004085320-63ee53904e96b-6d0f67d1-228bc44f","metadata":{"@type":"type.googleapis.com/google.cloud.functions.v2.OperationMetadata","createTime":"2025-09-16T06:28:06.210394508Z","target":"projects/roadcash-e05e1/locations/us-central1/functions/notifyOnEmergency","verb":"update","cancelRequested":false,"apiVersion":"v2","requestResource":{"@type":"type.googleapis.com/google.cloud.functions.v2.Function","name":"projects/roadcash-e05e1/locations/us-central1/functions/notifyOnEmergency","buildConfig":{"runtime":"nodejs18","entryPoint":"notifyOnEmergency","source":{"storageSource":{"bucket":"gcf-v2-sources-68093599355-us-central1","object":"notifyOnEmergency/function-source.zip","generation":"1758004086160375"}},"environmentVariables":{"GOOGLE_NODE_RUN_SCRIPTS":""},"dockerRepository":"projects/roadcash-e05e1/locations/us-central1/repositories/gcf-artifacts","sourceProvenance":{"resolvedStorageSource":{"bucket":"gcf-v2-sources-68093599355-us-central1","object":"notifyOnEmergency/function-source.zip","generation":"1758003933579432"}},"dockerRegistry":"ARTIFACT_REGISTRY","serviceAccount":"projects/roadcash-e05e1/serviceAccounts/68093599355-compute@developer.gserviceaccount.com","automaticUpdatePolicy":{}},"serviceConfig":{"service":"projects/roadcash-e05e1/locations/us-central1/services/notifyonemergency","timeoutSeconds":60,"environmentVariables":{"FIREBASE_CONFIG":"{\"projectId\":\"roadcash-e05e1\",\"storageBucket\":\"roadcash-e05e1.firebasestorage.app\"}","GCLOUD_PROJECT":"roadcash-e05e1","EVENTARC_CLOUD_EVENT_SOURCE":"projects/roadcash-e05e1/locations/us-central1/services/notifyOnEmergency","FUNCTION_SIGNATURE_TYPE":"cloudevent","FUNCTION_TARGET":"notifyOnEmergency","LOG_EXECUTION_ID":"true"},"maxInstanceCount":10,"ingressSettings":"ALLOW_ALL","uri":"https://notifyonemergency-qlzytqr5za-uc.a.run.app","serviceAccountEmail":"68093599355-compute@developer.gserviceaccount.com","availableMemory":"256Mi","allTrafficOnLatestRevision":true,"revision":"notifyonemergency-00003-xub","maxInstanceRequestConcurrency":80,"availableCpu":"1"},"eventTrigger":{"trigger":"projects/roadcash-e05e1/locations/nam5/triggers/notifyonemergency-082510","triggerRegion":"nam5","eventType":"google.cloud.firestore.document.v1.updated","eventFilters":[{"attribute":"database","value":"(default)"},{"attribute":"namespace","value":"(default)"},{"attribute":"document","value":"groups/{groupId}","operator":"match-path-pattern"}],"pubsubTopic":"projects/roadcash-e05e1/topics/eventarc-nam5-notifyonemergency-082510-745","serviceAccountEmail":"68093599355-compute@developer.gserviceaccount.com","retryPolicy":"RETRY_POLICY_DO_NOT_RETRY"},"state":"ACTIVE","labels":{"deployment-tool":"cli-firebase","firebase-functions-hash":"4ed43ccb4e532b3d233a515bde3b33ed37866781"},"environment":"GEN_2","url":"https://us-central1-roadcash-e05e1.cloudfunctions.net/notifyOnEmergency","satisfiesPzi":true},"stages":[{"name":"BUILD","message":"Build in progress","state":"IN_PROGRESS","resource":"projects/68093599355/locations/us-central1/builds/6fd8ef2c-7edb-4531-9adc-d89609569d81","resourceUri":"https://console.cloud.google.com/cloud-build/builds;region=us-central1/6fd8ef2c-7edb-4531-9adc-d89609569d81?project=68093599355"},{"name":"SERVICE","state":"NOT_STARTED"},{"name":"TRIGGER","state":"NOT_STARTED"}],"operationType":"UPDATE_FUNCTION","buildName":"projects/68093599355/locations/us-central1/builds/6fd8ef2c-7edb-4531-9adc-d89609569d81"},"done":false}
[debug] [2025-09-16T06:28:23.722Z] [update-default-us-central1-notifyOnEmergency] Retrying task index 0
[debug] [2025-09-16T06:28:23.723Z] Checked if tokens are valid: true, expires at: 1758007521883
[debug] [2025-09-16T06:28:23.723Z] Checked if tokens are valid: true, expires at: 1758007521883
[debug] [2025-09-16T06:28:23.723Z] >>> [apiv2][query] GET https://cloudfunctions.googleapis.com/v2/projects/roadcash-e05e1/locations/us-central1/operations/operation-1758004085320-63ee53904e96b-6d0f67d1-228bc44f [none]
[debug] [2025-09-16T06:28:23.834Z] <<< [apiv2][status] GET https://cloudfunctions.googleapis.com/v2/projects/roadcash-e05e1/locations/us-central1/operations/operation-1758004085320-63ee53904e96b-6d0f67d1-228bc44f 200
[debug] [2025-09-16T06:28:23.834Z] <<< [apiv2][body] GET https://cloudfunctions.googleapis.com/v2/projects/roadcash-e05e1/locations/us-central1/operations/operation-1758004085320-63ee53904e96b-6d0f67d1-228bc44f {"name":"projects/roadcash-e05e1/locations/us-central1/operations/operation-1758004085320-63ee53904e96b-6d0f67d1-228bc44f","metadata":{"@type":"type.googleapis.com/google.cloud.functions.v2.OperationMetadata","createTime":"2025-09-16T06:28:06.210394508Z","target":"projects/roadcash-e05e1/locations/us-central1/functions/notifyOnEmergency","verb":"update","cancelRequested":false,"apiVersion":"v2","requestResource":{"@type":"type.googleapis.com/google.cloud.functions.v2.Function","name":"projects/roadcash-e05e1/locations/us-central1/functions/notifyOnEmergency","buildConfig":{"runtime":"nodejs18","entryPoint":"notifyOnEmergency","source":{"storageSource":{"bucket":"gcf-v2-sources-68093599355-us-central1","object":"notifyOnEmergency/function-source.zip","generation":"1758004086160375"}},"environmentVariables":{"GOOGLE_NODE_RUN_SCRIPTS":""},"dockerRepository":"projects/roadcash-e05e1/locations/us-central1/repositories/gcf-artifacts","sourceProvenance":{"resolvedStorageSource":{"bucket":"gcf-v2-sources-68093599355-us-central1","object":"notifyOnEmergency/function-source.zip","generation":"1758003933579432"}},"dockerRegistry":"ARTIFACT_REGISTRY","serviceAccount":"projects/roadcash-e05e1/serviceAccounts/68093599355-compute@developer.gserviceaccount.com","automaticUpdatePolicy":{}},"serviceConfig":{"service":"projects/roadcash-e05e1/locations/us-central1/services/notifyonemergency","timeoutSeconds":60,"environmentVariables":{"FIREBASE_CONFIG":"{\"projectId\":\"roadcash-e05e1\",\"storageBucket\":\"roadcash-e05e1.firebasestorage.app\"}","GCLOUD_PROJECT":"roadcash-e05e1","EVENTARC_CLOUD_EVENT_SOURCE":"projects/roadcash-e05e1/locations/us-central1/services/notifyOnEmergency","FUNCTION_SIGNATURE_TYPE":"cloudevent","FUNCTION_TARGET":"notifyOnEmergency","LOG_EXECUTION_ID":"true"},"maxInstanceCount":10,"ingressSettings":"ALLOW_ALL","uri":"https://notifyonemergency-qlzytqr5za-uc.a.run.app","serviceAccountEmail":"68093599355-compute@developer.gserviceaccount.com","availableMemory":"256Mi","allTrafficOnLatestRevision":true,"revision":"notifyonemergency-00003-xub","maxInstanceRequestConcurrency":80,"availableCpu":"1"},"eventTrigger":{"trigger":"projects/roadcash-e05e1/locations/nam5/triggers/notifyonemergency-082510","triggerRegion":"nam5","eventType":"google.cloud.firestore.document.v1.updated","eventFilters":[{"attribute":"database","value":"(default)"},{"attribute":"namespace","value":"(default)"},{"attribute":"document","value":"groups/{groupId}","operator":"match-path-pattern"}],"pubsubTopic":"projects/roadcash-e05e1/topics/eventarc-nam5-notifyonemergency-082510-745","serviceAccountEmail":"68093599355-compute@developer.gserviceaccount.com","retryPolicy":"RETRY_POLICY_DO_NOT_RETRY"},"state":"ACTIVE","labels":{"deployment-tool":"cli-firebase","firebase-functions-hash":"4ed43ccb4e532b3d233a515bde3b33ed37866781"},"environment":"GEN_2","url":"https://us-central1-roadcash-e05e1.cloudfunctions.net/notifyOnEmergency","satisfiesPzi":true},"stages":[{"name":"BUILD","message":"Build in progress","state":"IN_PROGRESS","resource":"projects/68093599355/locations/us-central1/builds/6fd8ef2c-7edb-4531-9adc-d89609569d81","resourceUri":"https://console.cloud.google.com/cloud-build/builds;region=us-central1/6fd8ef2c-7edb-4531-9adc-d89609569d81?project=68093599355"},{"name":"SERVICE","state":"NOT_STARTED"},{"name":"TRIGGER","state":"NOT_STARTED"}],"operationType":"UPDATE_FUNCTION","buildName":"projects/68093599355/locations/us-central1/builds/6fd8ef2c-7edb-4531-9adc-d89609569d81"},"done":false}
[debug] [2025-09-16T06:28:33.844Z] [update-default-us-central1-notifyOnEmergency] Retrying task index 0
[debug] [2025-09-16T06:28:33.844Z] Checked if tokens are valid: true, expires at: 1758007521883
[debug] [2025-09-16T06:28:33.844Z] Checked if tokens are valid: true, expires at: 1758007521883
[debug] [2025-09-16T06:28:33.844Z] >>> [apiv2][query] GET https://cloudfunctions.googleapis.com/v2/projects/roadcash-e05e1/locations/us-central1/operations/operation-1758004085320-63ee53904e96b-6d0f67d1-228bc44f [none]
[debug] [2025-09-16T06:28:34.112Z] <<< [apiv2][status] GET https://cloudfunctions.googleapis.com/v2/projects/roadcash-e05e1/locations/us-central1/operations/operation-1758004085320-63ee53904e96b-6d0f67d1-228bc44f 200
[debug] [2025-09-16T06:28:34.112Z] <<< [apiv2][body] GET https://cloudfunctions.googleapis.com/v2/projects/roadcash-e05e1/locations/us-central1/operations/operation-1758004085320-63ee53904e96b-6d0f67d1-228bc44f {"name":"projects/roadcash-e05e1/locations/us-central1/operations/operation-1758004085320-63ee53904e96b-6d0f67d1-228bc44f","metadata":{"@type":"type.googleapis.com/google.cloud.functions.v2.OperationMetadata","createTime":"2025-09-16T06:28:06.210394508Z","target":"projects/roadcash-e05e1/locations/us-central1/functions/notifyOnEmergency","verb":"update","cancelRequested":false,"apiVersion":"v2","requestResource":{"@type":"type.googleapis.com/google.cloud.functions.v2.Function","name":"projects/roadcash-e05e1/locations/us-central1/functions/notifyOnEmergency","buildConfig":{"runtime":"nodejs18","entryPoint":"notifyOnEmergency","source":{"storageSource":{"bucket":"gcf-v2-sources-68093599355-us-central1","object":"notifyOnEmergency/function-source.zip","generation":"1758004086160375"}},"environmentVariables":{"GOOGLE_NODE_RUN_SCRIPTS":""},"dockerRepository":"projects/roadcash-e05e1/locations/us-central1/repositories/gcf-artifacts","sourceProvenance":{"resolvedStorageSource":{"bucket":"gcf-v2-sources-68093599355-us-central1","object":"notifyOnEmergency/function-source.zip","generation":"1758003933579432"}},"dockerRegistry":"ARTIFACT_REGISTRY","serviceAccount":"projects/roadcash-e05e1/serviceAccounts/68093599355-compute@developer.gserviceaccount.com","automaticUpdatePolicy":{}},"serviceConfig":{"service":"projects/roadcash-e05e1/locations/us-central1/services/notifyonemergency","timeoutSeconds":60,"environmentVariables":{"FIREBASE_CONFIG":"{\"projectId\":\"roadcash-e05e1\",\"storageBucket\":\"roadcash-e05e1.firebasestorage.app\"}","GCLOUD_PROJECT":"roadcash-e05e1","EVENTARC_CLOUD_EVENT_SOURCE":"projects/roadcash-e05e1/locations/us-central1/services/notifyOnEmergency","FUNCTION_SIGNATURE_TYPE":"cloudevent","FUNCTION_TARGET":"notifyOnEmergency","LOG_EXECUTION_ID":"true"},"maxInstanceCount":10,"ingressSettings":"ALLOW_ALL","uri":"https://notifyonemergency-qlzytqr5za-uc.a.run.app","serviceAccountEmail":"68093599355-compute@developer.gserviceaccount.com","availableMemory":"256Mi","allTrafficOnLatestRevision":true,"revision":"notifyonemergency-00003-xub","maxInstanceRequestConcurrency":80,"availableCpu":"1"},"eventTrigger":{"trigger":"projects/roadcash-e05e1/locations/nam5/triggers/notifyonemergency-082510","triggerRegion":"nam5","eventType":"google.cloud.firestore.document.v1.updated","eventFilters":[{"attribute":"database","value":"(default)"},{"attribute":"namespace","value":"(default)"},{"attribute":"document","value":"groups/{groupId}","operator":"match-path-pattern"}],"pubsubTopic":"projects/roadcash-e05e1/topics/eventarc-nam5-notifyonemergency-082510-745","serviceAccountEmail":"68093599355-compute@developer.gserviceaccount.com","retryPolicy":"RETRY_POLICY_DO_NOT_RETRY"},"state":"ACTIVE","labels":{"deployment-tool":"cli-firebase","firebase-functions-hash":"4ed43ccb4e532b3d233a515bde3b33ed37866781"},"environment":"GEN_2","url":"https://us-central1-roadcash-e05e1.cloudfunctions.net/notifyOnEmergency","satisfiesPzi":true},"stages":[{"name":"BUILD","message":"Build in progress","state":"IN_PROGRESS","resource":"projects/68093599355/locations/us-central1/builds/6fd8ef2c-7edb-4531-9adc-d89609569d81","resourceUri":"https://console.cloud.google.com/cloud-build/builds;region=us-central1/6fd8ef2c-7edb-4531-9adc-d89609569d81?project=68093599355"},{"name":"SERVICE","state":"NOT_STARTED"},{"name":"TRIGGER","state":"NOT_STARTED"}],"operationType":"UPDATE_FUNCTION","buildName":"projects/68093599355/locations/us-central1/builds/6fd8ef2c-7edb-4531-9adc-d89609569d81"},"done":false}
[debug] [2025-09-16T06:28:44.125Z] [update-default-us-central1-notifyOnEmergency] Retrying task index 0
[debug] [2025-09-16T06:28:44.125Z] Checked if tokens are valid: true, expires at: 1758007521883
[debug] [2025-09-16T06:28:44.126Z] Checked if tokens are valid: true, expires at: 1758007521883
[debug] [2025-09-16T06:28:44.126Z] >>> [apiv2][query] GET https://cloudfunctions.googleapis.com/v2/projects/roadcash-e05e1/locations/us-central1/operations/operation-1758004085320-63ee53904e96b-6d0f67d1-228bc44f [none]
[debug] [2025-09-16T06:28:44.411Z] <<< [apiv2][status] GET https://cloudfunctions.googleapis.com/v2/projects/roadcash-e05e1/locations/us-central1/operations/operation-1758004085320-63ee53904e96b-6d0f67d1-228bc44f 200
[debug] [2025-09-16T06:28:44.411Z] <<< [apiv2][body] GET https://cloudfunctions.googleapis.com/v2/projects/roadcash-e05e1/locations/us-central1/operations/operation-1758004085320-63ee53904e96b-6d0f67d1-228bc44f {"name":"projects/roadcash-e05e1/locations/us-central1/operations/operation-1758004085320-63ee53904e96b-6d0f67d1-228bc44f","metadata":{"@type":"type.googleapis.com/google.cloud.functions.v2.OperationMetadata","createTime":"2025-09-16T06:28:06.210394508Z","target":"projects/roadcash-e05e1/locations/us-central1/functions/notifyOnEmergency","verb":"update","cancelRequested":false,"apiVersion":"v2","requestResource":{"@type":"type.googleapis.com/google.cloud.functions.v2.Function","name":"projects/roadcash-e05e1/locations/us-central1/functions/notifyOnEmergency","buildConfig":{"runtime":"nodejs18","entryPoint":"notifyOnEmergency","source":{"storageSource":{"bucket":"gcf-v2-sources-68093599355-us-central1","object":"notifyOnEmergency/function-source.zip","generation":"1758004086160375"}},"environmentVariables":{"GOOGLE_NODE_RUN_SCRIPTS":""},"dockerRepository":"projects/roadcash-e05e1/locations/us-central1/repositories/gcf-artifacts","sourceProvenance":{"resolvedStorageSource":{"bucket":"gcf-v2-sources-68093599355-us-central1","object":"notifyOnEmergency/function-source.zip","generation":"1758003933579432"}},"dockerRegistry":"ARTIFACT_REGISTRY","serviceAccount":"projects/roadcash-e05e1/serviceAccounts/68093599355-compute@developer.gserviceaccount.com","automaticUpdatePolicy":{}},"serviceConfig":{"service":"projects/roadcash-e05e1/locations/us-central1/services/notifyonemergency","timeoutSeconds":60,"environmentVariables":{"FIREBASE_CONFIG":"{\"projectId\":\"roadcash-e05e1\",\"storageBucket\":\"roadcash-e05e1.firebasestorage.app\"}","GCLOUD_PROJECT":"roadcash-e05e1","EVENTARC_CLOUD_EVENT_SOURCE":"projects/roadcash-e05e1/locations/us-central1/services/notifyOnEmergency","FUNCTION_SIGNATURE_TYPE":"cloudevent","FUNCTION_TARGET":"notifyOnEmergency","LOG_EXECUTION_ID":"true"},"maxInstanceCount":10,"ingressSettings":"ALLOW_ALL","uri":"https://notifyonemergency-qlzytqr5za-uc.a.run.app","serviceAccountEmail":"68093599355-compute@developer.gserviceaccount.com","availableMemory":"256Mi","allTrafficOnLatestRevision":true,"revision":"notifyonemergency-00003-xub","maxInstanceRequestConcurrency":80,"availableCpu":"1"},"eventTrigger":{"trigger":"projects/roadcash-e05e1/locations/nam5/triggers/notifyonemergency-082510","triggerRegion":"nam5","eventType":"google.cloud.firestore.document.v1.updated","eventFilters":[{"attribute":"database","value":"(default)"},{"attribute":"namespace","value":"(default)"},{"attribute":"document","value":"groups/{groupId}","operator":"match-path-pattern"}],"pubsubTopic":"projects/roadcash-e05e1/topics/eventarc-nam5-notifyonemergency-082510-745","serviceAccountEmail":"68093599355-compute@developer.gserviceaccount.com","retryPolicy":"RETRY_POLICY_DO_NOT_RETRY"},"state":"ACTIVE","labels":{"deployment-tool":"cli-firebase","firebase-functions-hash":"4ed43ccb4e532b3d233a515bde3b33ed37866781"},"environment":"GEN_2","url":"https://us-central1-roadcash-e05e1.cloudfunctions.net/notifyOnEmergency","satisfiesPzi":true},"stages":[{"name":"BUILD","message":"Build finished","state":"COMPLETE","resource":"projects/68093599355/locations/us-central1/builds/6fd8ef2c-7edb-4531-9adc-d89609569d81","resourceUri":"https://console.cloud.google.com/cloud-build/builds;region=us-central1/6fd8ef2c-7edb-4531-9adc-d89609569d81?project=68093599355"},{"name":"SERVICE","state":"NOT_STARTED"},{"name":"TRIGGER","state":"NOT_STARTED"}],"sourceToken":"ClZwcm9qZWN0cy82ODA5MzU5OTM1NS9sb2NhdGlvbnMvdXMtY2VudHJhbDEvYnVpbGRzLzZmZDhlZjJjLTdlZGItNDUzMS05YWRjLWQ4OTYwOTU2OWQ4MRJ0dXMtY2VudHJhbDEtZG9ja2VyLnBrZy5kZXYvcm9hZGNhc2gtZTA1ZTEvZ2NmLWFydGlmYWN0cy9yb2FkY2FzaC0tZTA1ZTFfX3VzLS1jZW50cmFsMV9fbm90aWZ5X29uX2VtZXJnZW5jeTp2ZXJzaW9uXzEY+7zH1f0BIklwcm9qZWN0cy9yb2FkY2FzaC1lMDVlMS9sb2NhdGlvbnMvdXMtY2VudHJhbDEvZnVuY3Rpb25zL25vdGlmeU9uRW1lcmdlbmN5KgwIm4ekxgYQ2ODagQIyCG5vZGVqczE4OnYKI2djci5pby9nYWUtcnVudGltZXMvbm9kZWpzMTg6c3RhYmxlEk91cy1jZW50cmFsMS1kb2NrZXIucGtnLmRldi9zZXJ2ZXJsZXNzLXJ1bnRpbWVzL2dvb2dsZS0yMi1mdWxsL3J1bnRpbWVzL25vZGVqczE4QAE=","operationType":"UPDATE_FUNCTION","buildName":"projects/68093599355/locations/us-central1/builds/6fd8ef2c-7edb-4531-9adc-d89609569d81"},"done":false}
[debug] [2025-09-16T06:28:44.411Z] Got source token ClZwcm9qZWN0cy82ODA5MzU5OTM1NS9sb2NhdGlvbnMvdXMtY2VudHJhbDEvYnVpbGRzLzZmZDhlZjJjLTdlZGItNDUzMS05YWRjLWQ4OTYwOTU2OWQ4MRJ0dXMtY2VudHJhbDEtZG9ja2VyLnBrZy5kZXYvcm9hZGNhc2gtZTA1ZTEvZ2NmLWFydGlmYWN0cy9yb2FkY2FzaC0tZTA1ZTFfX3VzLS1jZW50cmFsMV9fbm90aWZ5X29uX2VtZXJnZW5jeTp2ZXJzaW9uXzEY+7zH1f0BIklwcm9qZWN0cy9yb2FkY2FzaC1lMDVlMS9sb2NhdGlvbnMvdXMtY2VudHJhbDEvZnVuY3Rpb25zL25vdGlmeU9uRW1lcmdlbmN5KgwIm4ekxgYQ2ODagQIyCG5vZGVqczE4OnYKI2djci5pby9nYWUtcnVudGltZXMvbm9kZWpzMTg6c3RhYmxlEk91cy1jZW50cmFsMS1kb2NrZXIucGtnLmRldi9zZXJ2ZXJsZXNzLXJ1bnRpbWVzL2dvb2dsZS0yMi1mdWxsL3J1bnRpbWVzL25vZGVqczE4QAE= for region us-central1
